0 info it worked if it ends with ok
1 verbose cli [ '/home/vladflorescu/.nvm/versions/node/v6.11.0/bin/node',
1 verbose cli   '/home/vladflorescu/.nvm/versions/node/v6.11.0/bin/npm',
1 verbose cli   'publish',
1 verbose cli   '--access=public' ]
2 info using npm@3.10.10
3 info using node@v6.11.0
4 verbose publish [ '.' ]
5 silly cache add args [ '.', null ]
6 verbose cache add spec .
7 silly cache add parsed spec Result {
7 silly cache add   raw: '.',
7 silly cache add   scope: null,
7 silly cache add   escapedName: null,
7 silly cache add   name: null,
7 silly cache add   rawSpec: '.',
7 silly cache add   spec: '/home/vladflorescu/Documents/work/d3-utils',
7 silly cache add   type: 'directory' }
8 verbose addLocalDirectory /home/vladflorescu/.npm/d3-utils/1.0.0/package.tgz not in flight; packing
9 verbose correctMkdir /home/vladflorescu/.npm correctMkdir not in flight; initializing
10 info lifecycle d3-utils@1.0.0~prepublish: d3-utils@1.0.0
11 silly lifecycle d3-utils@1.0.0~prepublish: no script for prepublish, continuing
12 verbose tar pack [ '/home/vladflorescu/.npm/d3-utils/1.0.0/package.tgz',
12 verbose tar pack   '/home/vladflorescu/Documents/work/d3-utils' ]
13 verbose tarball /home/vladflorescu/.npm/d3-utils/1.0.0/package.tgz
14 verbose folder /home/vladflorescu/Documents/work/d3-utils
15 verbose addLocalTarball adding from inside cache /home/vladflorescu/.npm/d3-utils/1.0.0/package.tgz
16 verbose correctMkdir /home/vladflorescu/.npm correctMkdir not in flight; initializing
17 silly cache afterAdd d3-utils@1.0.0
18 verbose afterAdd /home/vladflorescu/.npm/d3-utils/1.0.0/package/package.json not in flight; writing
19 verbose correctMkdir /home/vladflorescu/.npm correctMkdir not in flight; initializing
20 verbose afterAdd /home/vladflorescu/.npm/d3-utils/1.0.0/package/package.json written
21 silly publish { name: 'd3-utils',
21 silly publish   version: '1.0.0',
21 silly publish   description: 'Utility functions for D3.js',
21 silly publish   main: 'index.js',
21 silly publish   repository:
21 silly publish    { type: 'git',
21 silly publish      url: 'git+ssh://git@github.com/vladflorescu94/d3-utils.git' },
21 silly publish   author: { name: 'Vlad Florescu', email: 'vlad.florescu@sparktech.ro' },
21 silly publish   license: 'MIT',
21 silly publish   private: false,
21 silly publish   dependencies: { d3: '^4.11.0', ramda: '^0.25.0' },
21 silly publish   readme: '# d3-utils\nUtility functions for D3 V4\n\n## Installation\n```bash\nnpm install git+ssh://git@github.com:vladflorescu94/d3-utils.git\n```\n\n## Usage\n#### initSvg(container, { width, height, margin })\nCreate a <b>\\<svg\\></b> with given width and height inside <b>container</b>. \nInside it, create a <b>\\<g\\></b> with same dimensions minus given <b>margin</b>.\n\n```javascript\nselection.each(function selFn(data) {\n  const { g, chartWidth, chartHeight } = initSvg(d3.select(this), { width, height, margin });\n}\n```\n\n#### selectionOr(fn, selection)\nIf selection is empty return the result of <b>fn</b>, otherwise return selection.\n\n```javascript\nconst arc = selectionOr(() => {\n  return g.append(\'path\').attr(\'class\', \'arc\');\n}, g.select(\'path.arc\'));\n```\n\nThis is an alternative to the less functional:\n\n```javascript\nlet arc = g.select(\'path.arc\'); \nif (arc.empty()) {\n  arc = g.append(\'path\').attr(\'class\', \'arc\');\n}\n````\n',
21 silly publish   readmeFilename: 'README.md',
21 silly publish   gitHead: 'dbca27749f49732776febe630459d3768fd9af92',
21 silly publish   bugs: { url: 'https://github.com/vladflorescu94/d3-utils/issues' },
21 silly publish   homepage: 'https://github.com/vladflorescu94/d3-utils#readme',
21 silly publish   _id: 'd3-utils@1.0.0',
21 silly publish   scripts: {},
21 silly publish   _shasum: 'a834d0f0a76a36e71ff7c91a5be45adb4985cc5a',
21 silly publish   _from: '.' }
22 verbose getPublishConfig undefined
23 silly mapToRegistry name d3-utils
24 silly mapToRegistry scope (from config) @vf
25 verbose mapToRegistry no registry URL found in config for scope @vf
26 silly mapToRegistry using default registry
27 silly mapToRegistry registry https://registry.npmjs.org/
28 silly mapToRegistry data Result {
28 silly mapToRegistry   raw: 'd3-utils',
28 silly mapToRegistry   scope: null,
28 silly mapToRegistry   escapedName: 'd3-utils',
28 silly mapToRegistry   name: 'd3-utils',
28 silly mapToRegistry   rawSpec: '',
28 silly mapToRegistry   spec: 'latest',
28 silly mapToRegistry   type: 'tag' }
29 silly mapToRegistry uri https://registry.npmjs.org/d3-utils
30 verbose publish registryBase https://registry.npmjs.org/
31 silly publish uploading /home/vladflorescu/.npm/d3-utils/1.0.0/package.tgz
32 verbose request uri https://registry.npmjs.org/d3-utils
33 verbose request sending authorization for write operation
34 info attempt registry request try #1 at 11:09:01 AM
35 verbose request using bearer token for auth
36 verbose request id 8fb841acd167951d
37 http request PUT https://registry.npmjs.org/d3-utils
38 http 403 https://registry.npmjs.org/d3-utils
39 verbose headers { 'content-type': 'application/json',
39 verbose headers   'cache-control': 'max-age=300',
39 verbose headers   'content-length': '102',
39 verbose headers   'accept-ranges': 'bytes',
39 verbose headers   date: 'Tue, 31 Oct 2017 09:09:02 GMT',
39 verbose headers   via: '1.1 varnish',
39 verbose headers   connection: 'keep-alive',
39 verbose headers   'x-served-by': 'cache-hhn1546-HHN',
39 verbose headers   'x-cache': 'MISS',
39 verbose headers   'x-cache-hits': '0',
39 verbose headers   'x-timer': 'S1509440942.211389,VS0,VE640',
39 verbose headers   vary: 'Accept-Encoding, Accept' }
40 verbose request invalidating /home/vladflorescu/.npm/registry.npmjs.org/d3-utils on PUT
41 error publish Failed PUT 403
42 verbose stack Error: You do not have permission to publish "d3-utils". Are you logged in as the correct user? : d3-utils
42 verbose stack     at makeError (/home/vladflorescu/.nvm/versions/node/v6.11.0/lib/node_modules/npm/node_modules/npm-registry-client/lib/request.js:302:12)
42 verbose stack     at CachingRegistryClient.<anonymous> (/home/vladflorescu/.nvm/versions/node/v6.11.0/lib/node_modules/npm/node_modules/npm-registry-client/lib/request.js:290:14)
42 verbose stack     at Request._callback (/home/vladflorescu/.nvm/versions/node/v6.11.0/lib/node_modules/npm/node_modules/npm-registry-client/lib/request.js:210:14)
42 verbose stack     at Request.self.callback (/home/vladflorescu/.nvm/versions/node/v6.11.0/lib/node_modules/npm/node_modules/request/request.js:187:22)
42 verbose stack     at emitTwo (events.js:106:13)
42 verbose stack     at Request.emit (events.js:191:7)
42 verbose stack     at Request.<anonymous> (/home/vladflorescu/.nvm/versions/node/v6.11.0/lib/node_modules/npm/node_modules/request/request.js:1048:10)
42 verbose stack     at emitOne (events.js:96:13)
42 verbose stack     at Request.emit (events.js:188:7)
42 verbose stack     at IncomingMessage.<anonymous> (/home/vladflorescu/.nvm/versions/node/v6.11.0/lib/node_modules/npm/node_modules/request/request.js:969:12)
43 verbose statusCode 403
44 verbose pkgid d3-utils
45 verbose cwd /home/vladflorescu/Documents/work/d3-utils
46 error Linux 3.16.0-77-generic
47 error argv "/home/vladflorescu/.nvm/versions/node/v6.11.0/bin/node" "/home/vladflorescu/.nvm/versions/node/v6.11.0/bin/npm" "publish" "--access=public"
48 error node v6.11.0
49 error npm  v3.10.10
50 error code E403
51 error You do not have permission to publish "d3-utils". Are you logged in as the correct user? : d3-utils
52 error If you need help, you may report this error at:
52 error     <https://github.com/npm/npm/issues>
53 verbose exit [ 1, true ]
